number,value,datetime_start,datetime_complete,duration,params_colsample_bytree,params_learning_rate,params_max_depth,params_min_child_samples,params_num_leaves,params_reg_alpha,params_reg_lambda,params_scale_pos_weight,params_subsample,user_attrs_best_iteration,system_attrs_fixed_params,system_attrs_tpe:relative_params:0,state
0,0.8793695997043034,2026-10-06 19:46:27.747307,2026-10-06 20:07:18.345817,0 days 00:20:50.598510,0.9398069633632562,0.017023810747318804,9,20,98,0.1565772322629042,0.35805661012144113,3.5183751581022755,0.9233625854586776,2000.0,"{'num_leaves': 98, 'max_depth': 9, 'learning_rate': 0.017023810747318804, 'n_estimators': 753, 'subsample': 0.9233625854586776, 'colsample_bytree': 0.9398069633632562, 'reg_alpha': 0.1565772322629042, 'reg_lambda': 0.35805661012144113, 'scale_pos_weight': 3.5183751581022755, 'min_child_samples': 20}",,COMPLETE
1,0.8794848484290475,2026-10-06 20:07:18.442224,2026-10-06 20:14:36.691832,0 days 00:07:18.249608,0.8005575058716043,0.030710573677773714,-1,24,431,0.679657809075816,0.0012087541473056963,5.8495492608099715,0.9464704583099741,426.0,,,COMPLETE
2,0.8790016807329968,2026-10-06 20:14:36.746777,2026-10-06 20:24:11.526371,0 days 00:09:34.779594,0.8059264473611898,0.12106896936002161,12,79,33,0.003613894271216527,0.01474275315991467,2.8318092164684585,0.7164916560792167,920.0,,,COMPLETE
3,0.8801684907608256,2026-10-06 20:24:11.591602,2026-10-06 20:45:08.162987,0 days 00:20:56.571385,0.5325257964926398,0.03920673972242137,9,140,242,6.245139574743075,7.2866537374910445,5.041986740582305,0.6682096494749166,1403.0,,,COMPLETE
4,0.879058517607636,2026-10-06 20:45:08.221415,2026-10-06 21:04:06.449966,0 days 00:18:58.228551,0.6293899908000085,0.0249064396938244,-1,22,22,0.4467752817973907,0.017654048052495083,3.600340105889054,0.9637281608315128,1999.0,,,COMPLETE
5,0.8798868353828149,2026-10-06 21:04:06.506136,2026-10-06 21:23:38.418623,0 days 00:19:31.912487,0.5442462510259598,0.05143828405076928,-1,136,30,0.006080390190296602,0.0015167330688076208,2.626651653816322,0.9687496940092467,1999.0,,,COMPLETE
6,0.8800771804675828,2026-10-06 21:23:38.470230,2026-10-06 21:46:03.269422,0 days 00:22:24.799192,0.5372753218398854,0.03203913722293047,-1,31,40,8.862326508576253,1.2273800987852967,1.993578407670862,0.9208787923016158,1999.0,,,COMPLETE
7,0.8789940302002917,2026-10-06 21:46:03.328937,2026-10-06 22:11:10.691832,0 days 00:25:07.362895,0.9315517129377968,0.010166803740022877,9,62,269,0.3113095956122124,0.021066486017042207,1.3177917514301183,0.6463476238100518,1916.0,,,COMPLETE
8,0.8792031294303445,2026-10-06 22:11:10.765620,2026-10-06 22:30:28.735601,0 days 00:19:17.969981,0.8803925243084487,0.02538617845650057,9,29,48,0.17583640270008521,1.2130221181165162,3.4689779818219537,0.885297914889198,1997.0,,,COMPLETE
9,0.8790664456802268,2026-10-06 22:30:28.797669,2026-10-06 22:40:55.280388,0 days 00:10:26.482719,0.9537832369630466,0.04787304927324382,12,54,69,0.009935023909063692,0.04380580767905655,4.777755692715243,0.8034282764658811,939.0,,,COMPLETE
10,0.879254866483317,2026-10-06 22:40:55.331639,2026-10-06 22:59:48.394454,0 days 00:18:53.062815,0.7682238203084151,0.029470436626451782,9,63,289,4.8219886403865715,0.5806419903309887,5.494376955856645,0.6333513447032489,1372.0,,"{""colsample_bytree"": 0.7682238203084151, ""learning_rate"": 0.029470436626451782, ""max_depth"": 9, ""min_child_samples"": 63, ""num_leaves"": 289, ""reg_alpha"": 4.8219886403865715, ""reg_lambda"": 0.5806419903309887, ""scale_pos_weight"": 5.494376955856645, ""subsample"": 0.6333513447032489}",COMPLETE
11,0.8786169020996316,2026-10-06 22:59:48.452405,2026-10-06 23:19:43.405188,0 days 00:19:54.952783,0.5169589260158138,0.022624239831899127,-1,22,16,8.120085161587202,2.425783412624154,2.5307118010139984,0.9554861140181108,2000.0,,"{""colsample_bytree"": 0.5169589260158138, ""learning_rate"": 0.022624239831899127, ""max_depth"": -1, ""min_child_samples"": 22, ""num_leaves"": 16, ""reg_alpha"": 8.120085161587202, ""reg_lambda"": 2.425783412624154, ""scale_pos_weight"": 2.5307118010139984, ""subsample"": 0.9554861140181108}",COMPLETE
12,0.879923860443987,2026-10-06 23:19:43.459483,2026-10-06 23:37:00.425134,0 days 00:17:16.965651,0.6719711435901847,0.04192764508504526,-1,29,29,7.193159944911228,0.23109872561252018,2.0053070405391717,0.9879686126700216,2000.0,,"{""colsample_bytree"": 0.6719711435901847, ""learning_rate"": 0.04192764508504526, ""max_depth"": -1, ""min_child_samples"": 29, ""num_leaves"": 29, ""reg_alpha"": 7.193159944911228, ""reg_lambda"": 0.23109872561252018, ""scale_pos_weight"": 2.0053070405391717, ""subsample"": 0.9879686126700216}",COMPLETE
13,0.880061570733078,2026-10-06 23:37:00.503450,2026-10-06 23:49:31.689767,0 days 00:12:31.186317,0.5436602230704675,0.058921395699593565,9,127,129,2.983798378822666,0.7565951551992512,5.4520956819538355,0.6677350381776671,824.0,,"{""colsample_bytree"": 0.5436602230704675, ""learning_rate"": 0.058921395699593565, ""max_depth"": 9, ""min_child_samples"": 127, ""num_leaves"": 129, ""reg_alpha"": 2.983798378822666, ""reg_lambda"": 0.7565951551992512, ""scale_pos_weight"": 5.4520956819538355, ""subsample"": 0.6677350381776671}",COMPLETE
14,0.8800233338215132,2026-10-06 23:49:31.766474,2026-10-07 00:13:50.496124,0 days 00:24:18.729650,0.6194669145594823,0.030435826602056525,9,417,416,1.2042259800374362,5.927368523834663,4.103664096624781,0.6429475037121922,1647.0,,"{""colsample_bytree"": 0.6194669145594823, ""learning_rate"": 0.030435826602056525, ""max_depth"": 9, ""min_child_samples"": 417, ""num_leaves"": 416, ""reg_alpha"": 1.2042259800374362, ""reg_lambda"": 5.927368523834663, ""scale_pos_weight"": 4.103664096624781, ""subsample"": 0.6429475037121922}",COMPLETE
15,0.8788299902073615,2026-10-07 00:13:50.568420,2026-10-07 00:33:41.341804,0 days 00:19:50.773384,0.5771017431493336,0.028087467104940842,9,54,19,3.1079487851790946,2.6937738052357356,1.8562178041109436,0.6845303157422774,1999.0,,"{""colsample_bytree"": 0.5771017431493336, ""learning_rate"": 0.028087467104940842, ""max_depth"": 9, ""min_child_samples"": 54, ""num_leaves"": 19, ""reg_alpha"": 3.1079487851790946, ""reg_lambda"": 2.6937738052357356, ""scale_pos_weight"": 1.8562178041109436, ""subsample"": 0.6845303157422774}",COMPLETE
16,0.8801156144432527,2026-10-07 00:33:41.421973,2026-10-07 00:55:25.891346,0 days 00:21:44.469373,0.6072057298792765,0.041021892049363705,-1,31,76,1.1242995221394778,0.8631067597884702,2.2530917094661573,0.7589061582090405,1998.0,,"{""colsample_bytree"": 0.6072057298792765, ""learning_rate"": 0.041021892049363705, ""max_depth"": -1, ""min_child_samples"": 31, ""num_leaves"": 76, ""reg_alpha"": 1.1242995221394778, ""reg_lambda"": 0.8631067597884702, ""scale_pos_weight"": 2.2530917094661573, ""subsample"": 0.7589061582090405}",COMPLETE
17,0.879649357429785,2026-10-07 00:55:25.952613,2026-10-07 01:04:51.756991,0 days 00:09:25.804378,0.60534623917512,0.07035641135306563,9,29,215,0.21116831529850483,5.571699008704653,4.22584383761136,0.6787569295298214,600.0,,"{""colsample_bytree"": 0.60534623917512, ""learning_rate"": 0.07035641135306563, ""max_depth"": 9, ""min_child_samples"": 29, ""num_leaves"": 215, ""reg_alpha"": 0.21116831529850483, ""reg_lambda"": 5.571699008704653, ""scale_pos_weight"": 4.22584383761136, ""subsample"": 0.6787569295298214}",COMPLETE
18,0.8801213382603954,2026-10-07 01:04:51.838375,2026-10-07 01:29:59.482701,0 days 00:25:07.644326,0.5050905364353387,0.018776942317747455,9,353,192,4.865829814175873,1.1474129116584895,5.56902982433596,0.751532930425347,1791.0,,"{""colsample_bytree"": 0.5050905364353387, ""learning_rate"": 0.018776942317747455, ""max_depth"": 9, ""min_child_samples"": 353, ""num_leaves"": 192, ""reg_alpha"": 4.865829814175873, ""reg_lambda"": 1.1474129116584895, ""scale_pos_weight"": 5.56902982433596, ""subsample"": 0.751532930425347}",COMPLETE
19,,2026-10-07 01:29:59.541766,,,0.5536135457383983,0.012765494859358248,9,170,101,3.6554557886294865,1.0907207700885047,4.488004836338979,0.7164886886126566,,,"{""colsample_bytree"": 0.5536135457383983, ""learning_rate"": 0.012765494859358248, ""max_depth"": 9, ""min_child_samples"": 170, ""num_leaves"": 101, ""reg_alpha"": 3.6554557886294865, ""reg_lambda"": 1.0907207700885047, ""scale_pos_weight"": 4.488004836338979, ""subsample"": 0.7164886886126566}",RUNNING
